<?xml version="1.0" encoding="UTF-8"?>
<!-- Generated by org.testng.reporters.JUnitReportReporter -->
<testsuite skipped="0" hostname="RBL20119LAP04" name="com.shoppingcart.tests.TestController" tests="1" failures="0" timestamp="06 Mar 2019 06:00:54 GMT" time="51.499" errors="0">
  <testcase name="TestCaseController" time="51.499" classname="com.shoppingcart.tests.TestController"/>
</testsuite> <!-- com.shoppingcart.tests.TestController -->
