<?xml version="1.0" encoding="UTF-8"?>
<!-- Generated by org.testng.reporters.JUnitReportReporter -->
<testsuite skipped="0" hostname="HYDSYNCCPU003" name="StepDefinition.Takescreenshot" tests="1" failures="0" timestamp="04 May 2018 14:14:39 GMT" time="3.442" errors="0">
  <testcase name="screenshot" time="3.442" classname="StepDefinition.Takescreenshot"/>
</testsuite> <!-- StepDefinition.Takescreenshot -->
