<?xml version="1.0" encoding="UTF-8"?>
<!-- Generated by org.testng.reporters.JUnitReportReporter -->
<testsuite skipped="0" hostname="HYDSYNCCPU003" name="StepDefinition.WeatherstepDefinitions" tests="1" failures="0" timestamp="23 Apr 2018 05:42:09 GMT" time="7.846" errors="0">
  <testcase name="GetWeatherDetails" time="7.846" classname="StepDefinition.WeatherstepDefinitions"/>
</testsuite> <!-- StepDefinition.WeatherstepDefinitions -->
