<?xml version="1.0" encoding="UTF-8" ?>
<testsuite tests="5" failures="0" name="TestSuite" time="1,884.779" errors="0" skipped="0">
  <properties>
    <property name="java.runtime.name" value="Java(TM) SE Runtime Environment"/>
    <property name="sun.boot.library.path" value="C:\Program Files\Java\jdk1.8.0_66\jre\bin"/>
    <property name="java.vm.version" value="25.66-b18"/>
    <property name="java.vm.vendor" value="Oracle Corporation"/>
    <property name="java.vendor.url" value="http://java.oracle.com/"/>
    <property name="path.separator" value=";"/>
    <property name="java.vm.name" value="Java HotSpot(TM) 64-Bit Server VM"/>
    <property name="file.encoding.pkg" value="sun.io"/>
    <property name="user.script" value=""/>
    <property name="user.country" value="US"/>
    <property name="sun.java.launcher" value="SUN_STANDARD"/>
    <property name="sun.os.patch.level" value=""/>
    <property name="java.vm.specification.name" value="Java Virtual Machine Specification"/>
    <property name="user.dir" value="F:\Automation\Avoka\3i-Avoka_FalconFramework"/>
    <property name="java.runtime.version" value="1.8.0_66-b18"/>
    <property name="java.awt.graphicsenv" value="sun.awt.Win32GraphicsEnvironment"/>
    <property name="basedir" value="F:\Automation\Avoka\3i-Avoka_FalconFramework"/>
    <property name="java.endorsed.dirs" value="C:\Program Files\Java\jdk1.8.0_66\jre\lib\endorsed"/>
    <property name="os.arch" value="amd64"/>
    <property name="surefire.real.class.path" value="C:\Users\FLEXIB~1\AppData\Local\Temp\2\surefirebooter88912914948771198.jar"/>
    <property name="java.io.tmpdir" value="C:\Users\FLEXIB~1\AppData\Local\Temp\2\"/>
    <property name="line.separator" value="
"/>
    <property name="java.vm.specification.vendor" value="Oracle Corporation"/>
    <property name="user.variant" value=""/>
    <property name="os.name" value="Windows Server 2012 R2"/>
    <property name="testng.metrics.logo" value="https://www.3i-infotech.com/wp-content/uploads/2021/04/3I-infotech-logo.png"/>
    <property name="sun.jnu.encoding" value="Cp1252"/>
    <property name="java.library.path" value="C:\Program Files\Java\jdk1.8.0_66\jre\bin;C:\Windows\Sun\Java\bin;C:\Windows\system32;C:\Windows;E:\Tools\Python\Python39\Scripts\;E:\Tools\Python\Python39\;C:\Python38\Scripts\;C:\Python38\;C:\Program Files (x86)\Common Files\Oracle\Java\javapath;C:\Windows\system32;C:\Windows;C:\Windows\System32\Wbem;C:\Windows\System32\WindowsPowerShell\v1.0\;C:\Program Files\Java\jdk1.8.0_66\bin;E:\Python_3.7.8;E:\Python_3.7.8\Scripts;E:\SecurityTesting\Sonar\sonar-scanner-cli-3.0.3.778\sonar-scanner-3.0.3.778\bin;C:\Program Files\dotnet\;C:\Program Files\Microsoft\Web Platform Installer\;E:\VisualRegressionTesting\BackstopJS-master;E:\Python27;C:\Program Files (x86)\Micro Focus\Unified Functional Testing\bin;C:\ProgramData\chocolatey\bin;C:\Program Files\Git\cmd;C:\Program Files\Git\bin;E:\VisualRegressionTesting\NodejsInstallation;E:\Tools\apache-maven-3.3.9\apache-maven-3.3.9\bin;E:\Tools\DemoApp\demo-master\DemoNew\demo;E:\Tools\DemoApp\demo-master\ChromeDriver\chromedriver_win32;E:\Tools\gradle-6.3-all\gradle-6.3\bin;E:\Tools\Python\Python39\Scripts;E:\Tools\OpenSSL-Win64\bin;C:\Program Files\OpenSSL-Win64\bin;E:\Tools\nmap-vulners;E:\Tools\sslscan;E:\Tools\nmap-7.91;E:\Tools\nikto-2.1.5;;E:\Tools\Strawberry\perl\bin;E:\Tools\Strawberry\perl\site\bin;E:\Tools\Strawberry\c\bin;E:\Tools\dependency-check\bin;E:\Tools\ThreatSpec\Graphviz\bin;C:\Program Files\SolarWinds\Snap\;C:\Program Files\SolarWinds\Snap\bin\;E:\Tools\nikto-2.1.5\nikto.bat\;E:\Tools\nikto-2.1.5\nikto.pl\;C:\Program Files\MySQL\MySQL Shell 8.0\bin\;C:\Users\Flexibadmin1\.dotnet\tools;C:\Users\Flexibadmin1\AppData\Roaming\npm;E:\Tools\gradle-6.8.3-bin\gradle-6.8.3\bin;."/>
    <property name="surefire.test.class.path" value="F:\Automation\Avoka\3i-Avoka_FalconFramework\target\test-classes;F:\Automation\Avoka\3i-Avoka_FalconFramework\target\classes;C:\Users\Flexibadmin1\.m2\repository\junit\junit\3.8.1\junit-3.8.1.jar;C:\Users\Flexibadmin1\.m2\repository\org\testng\testng\6.14.3\testng-6.14.3.jar;C:\Users\Flexibadmin1\.m2\repository\com\beust\jcommander\1.72\jcommander-1.72.jar;C:\Users\Flexibadmin1\.m2\repository\org\apache-extras\beanshell\bsh\2.0b6\bsh-2.0b6.jar;C:\Users\Flexibadmin1\.m2\repository\org\apache\servicemix\bundles\org.apache.servicemix.bundles.poi\4.1.2_1\org.apache.servicemix.bundles.poi-4.1.2_1.jar;C:\Users\Flexibadmin1\.m2\repository\com\github\virtuald\curvesapi\1.05\curvesapi-1.05.jar;C:\Users\Flexibadmin1\.m2\repository\com\github\virtuald\curvesapi\1.05\curvesapi-1.05-sources.jar;C:\Users\Flexibadmin1\.m2\repository\org\apache\xmlbeans\xmlbeans\3.0.2\xmlbeans-3.0.2.jar;C:\Users\Flexibadmin1\.m2\repository\org\apache\commons\commons-collections4\4.4\commons-collections4-4.4.jar;C:\Users\Flexibadmin1\.m2\repository\org\apache\commons\commons-compress\1.20\commons-compress-1.20.jar;C:\Users\Flexibadmin1\.m2\repository\javax\mail\javax.mail-api\1.5.5\javax.mail-api-1.5.5.jar;C:\Users\Flexibadmin1\.m2\repository\com\sun\mail\javax.mail\1.5.5\javax.mail-1.5.5.jar;C:\Users\Flexibadmin1\.m2\repository\javax\activation\activation\1.1\activation-1.1.jar;C:\Users\Flexibadmin1\.m2\repository\com\github\stephenc\monte\monte-screen-recorder\0.7.7.0\monte-screen-recorder-0.7.7.0.jar;C:\Users\Flexibadmin1\.m2\repository\org\apache\pdfbox\pdfbox\2.0.19\pdfbox-2.0.19.jar;C:\Users\Flexibadmin1\.m2\repository\org\apache\pdfbox\fontbox\2.0.19\fontbox-2.0.19.jar;C:\Users\Flexibadmin1\.m2\repository\commons-logging\commons-logging\1.2\commons-logging-1.2.jar;C:\Users\Flexibadmin1\.m2\repository\com\microsoft\sqlserver\mssql-jdbc\7.0.0.jre8\mssql-jdbc-7.0.0.jre8.jar;C:\Users\Flexibadmin1\.m2\repository\org\seleniumhq\selenium\selenium-java\3.14.0\selenium-java-3.14.0.jar;C:\Users\Flexibadmin1\.m2\repository\org\seleniumhq\selenium\selenium-api\3.14.0\selenium-api-3.14.0.jar;C:\Users\Flexibadmin1\.m2\repository\org\seleniumhq\selenium\selenium-chrome-driver\3.14.0\selenium-chrome-driver-3.14.0.jar;C:\Users\Flexibadmin1\.m2\repository\org\seleniumhq\selenium\selenium-edge-driver\3.14.0\selenium-edge-driver-3.14.0.jar;C:\Users\Flexibadmin1\.m2\repository\org\seleniumhq\selenium\selenium-firefox-driver\3.14.0\selenium-firefox-driver-3.14.0.jar;C:\Users\Flexibadmin1\.m2\repository\org\seleniumhq\selenium\selenium-ie-driver\3.14.0\selenium-ie-driver-3.14.0.jar;C:\Users\Flexibadmin1\.m2\repository\org\seleniumhq\selenium\selenium-opera-driver\3.14.0\selenium-opera-driver-3.14.0.jar;C:\Users\Flexibadmin1\.m2\repository\org\seleniumhq\selenium\selenium-remote-driver\3.14.0\selenium-remote-driver-3.14.0.jar;C:\Users\Flexibadmin1\.m2\repository\org\seleniumhq\selenium\selenium-safari-driver\3.14.0\selenium-safari-driver-3.14.0.jar;C:\Users\Flexibadmin1\.m2\repository\org\seleniumhq\selenium\selenium-support\3.14.0\selenium-support-3.14.0.jar;C:\Users\Flexibadmin1\.m2\repository\org\apache\commons\commons-exec\1.3\commons-exec-1.3.jar;C:\Users\Flexibadmin1\.m2\repository\commons-codec\commons-codec\1.10\commons-codec-1.10.jar;C:\Users\Flexibadmin1\.m2\repository\com\google\guava\guava\25.0-jre\guava-25.0-jre.jar;C:\Users\Flexibadmin1\.m2\repository\com\google\code\findbugs\jsr305\1.3.9\jsr305-1.3.9.jar;C:\Users\Flexibadmin1\.m2\repository\org\checkerframework\checker-compat-qual\2.0.0\checker-compat-qual-2.0.0.jar;C:\Users\Flexibadmin1\.m2\repository\com\google\errorprone\error_prone_annotations\2.1.3\error_prone_annotations-2.1.3.jar;C:\Users\Flexibadmin1\.m2\repository\com\google\j2objc\j2objc-annotations\1.1\j2objc-annotations-1.1.jar;C:\Users\Flexibadmin1\.m2\repository\org\codehaus\mojo\animal-sniffer-annotations\1.14\animal-sniffer-annotations-1.14.jar;C:\Users\Flexibadmin1\.m2\repository\org\apache\httpcomponents\httpclient\4.5.5\httpclient-4.5.5.jar;C:\Users\Flexibadmin1\.m2\repository\org\apache\httpcomponents\httpcore\4.4.9\httpcore-4.4.9.jar;C:\Users\Flexibadmin1\.m2\repository\com\squareup\okhttp3\okhttp\3.10.0\okhttp-3.10.0.jar;C:\Users\Flexibadmin1\.m2\repository\com\squareup\okio\okio\1.14.1\okio-1.14.1.jar;C:\Users\Flexibadmin1\.m2\repository\log4j\log4j\1.2.17\log4j-1.2.17.jar;C:\Users\Flexibadmin1\.m2\repository\com\aventstack\extentreports\3.1.5\extentreports-3.1.5.jar;C:\Users\Flexibadmin1\.m2\repository\org\freemarker\freemarker\2.3.23\freemarker-2.3.23.jar;C:\Users\Flexibadmin1\.m2\repository\org\mongodb\mongodb-driver\3.3.0\mongodb-driver-3.3.0.jar;C:\Users\Flexibadmin1\.m2\repository\org\mongodb\bson\3.3.0\bson-3.3.0.jar;C:\Users\Flexibadmin1\.m2\repository\org\mongodb\mongodb-driver-core\3.3.0\mongodb-driver-core-3.3.0.jar;C:\Users\Flexibadmin1\.m2\repository\org\apache\httpcomponents\httpmime\4.5.2\httpmime-4.5.2.jar;C:\Users\Flexibadmin1\.m2\repository\org\jsoup\jsoup\1.9.2\jsoup-1.9.2.jar;C:\Users\Flexibadmin1\.m2\repository\com\google\code\gson\gson\2.8.0\gson-2.8.0.jar;C:\Users\Flexibadmin1\.m2\repository\commons-io\commons-io\1.3.2\commons-io-1.3.2.jar;C:\Users\Flexibadmin1\.m2\repository\org\apache\poi\poi\4.1.1\poi-4.1.1.jar;C:\Users\Flexibadmin1\.m2\repository\org\apache\commons\commons-math3\3.6.1\commons-math3-3.6.1.jar;C:\Users\Flexibadmin1\.m2\repository\org\apache\poi\poi-ooxml\4.1.1\poi-ooxml-4.1.1.jar;C:\Users\Flexibadmin1\.m2\repository\org\apache\poi\poi-ooxml-schemas\3.17\poi-ooxml-schemas-3.17.jar;C:\Users\Flexibadmin1\.m2\repository\org\apache\poi\ooxml-schemas\1.1\ooxml-schemas-1.1.jar;C:\Users\Flexibadmin1\.m2\repository\org\apache\poi\poi-scratchpad\3.17\poi-scratchpad-3.17.jar;C:\Users\Flexibadmin1\.m2\repository\com\github\adiralashiva8\testng-metrics\1.5\testng-metrics-1.5.jar;C:\Users\Flexibadmin1\.m2\repository\org\apache\poi\openxml4j\1.0-beta\openxml4j-1.0-beta.jar;C:\Users\Flexibadmin1\.m2\repository\dom4j\dom4j\1.6.1\dom4j-1.6.1.jar;C:\Users\Flexibadmin1\.m2\repository\xml-apis\xml-apis\1.0.b2\xml-apis-1.0.b2.jar;C:\Users\Flexibadmin1\.m2\repository\commons-configuration\commons-configuration\1.10\commons-configuration-1.10.jar;C:\Users\Flexibadmin1\.m2\repository\commons-lang\commons-lang\2.6\commons-lang-2.6.jar;C:\Users\Flexibadmin1\.m2\repository\io\appium\java-client\6.1.0\java-client-6.1.0.jar;C:\Users\Flexibadmin1\.m2\repository\cglib\cglib\3.2.6\cglib-3.2.6.jar;C:\Users\Flexibadmin1\.m2\repository\org\ow2\asm\asm\6.0\asm-6.0.jar;C:\Users\Flexibadmin1\.m2\repository\org\apache\ant\ant\1.9.6\ant-1.9.6.jar;C:\Users\Flexibadmin1\.m2\repository\org\apache\ant\ant-launcher\1.9.6\ant-launcher-1.9.6.jar;C:\Users\Flexibadmin1\.m2\repository\commons-validator\commons-validator\1.6\commons-validator-1.6.jar;C:\Users\Flexibadmin1\.m2\repository\commons-beanutils\commons-beanutils\1.9.2\commons-beanutils-1.9.2.jar;C:\Users\Flexibadmin1\.m2\repository\commons-digester\commons-digester\1.8.1\commons-digester-1.8.1.jar;C:\Users\Flexibadmin1\.m2\repository\commons-collections\commons-collections\3.2.2\commons-collections-3.2.2.jar;C:\Users\Flexibadmin1\.m2\repository\org\apache\commons\commons-lang3\3.7\commons-lang3-3.7.jar;C:\Users\Flexibadmin1\.m2\repository\org\springframework\spring-context\5.0.5.RELEASE\spring-context-5.0.5.RELEASE.jar;C:\Users\Flexibadmin1\.m2\repository\org\springframework\spring-aop\5.0.5.RELEASE\spring-aop-5.0.5.RELEASE.jar;C:\Users\Flexibadmin1\.m2\repository\org\springframework\spring-beans\5.0.5.RELEASE\spring-beans-5.0.5.RELEASE.jar;C:\Users\Flexibadmin1\.m2\repository\org\springframework\spring-core\5.0.5.RELEASE\spring-core-5.0.5.RELEASE.jar;C:\Users\Flexibadmin1\.m2\repository\org\springframework\spring-jcl\5.0.5.RELEASE\spring-jcl-5.0.5.RELEASE.jar;C:\Users\Flexibadmin1\.m2\repository\org\springframework\spring-expression\5.0.5.RELEASE\spring-expression-5.0.5.RELEASE.jar;C:\Users\Flexibadmin1\.m2\repository\org\aspectj\aspectjweaver\1.9.1\aspectjweaver-1.9.1.jar;C:\Users\Flexibadmin1\.m2\repository\org\openpnp\opencv\3.2.0-1\opencv-3.2.0-1.jar;C:\Users\Flexibadmin1\.m2\repository\net\bytebuddy\byte-buddy\1.9.5\byte-buddy-1.9.5.jar;C:\Users\Flexibadmin1\.m2\repository\com\codoid\products\fillo\1.21\fillo-1.21.jar;F:\Automation\Avoka\3i-Avoka_FalconFramework\Images\java2word-3.3.jar;F:\Automation\Avoka\3i-Avoka_FalconFramework\Images\mssql-jdbc-6.1.0.jre8.jar;F:\Automation\Avoka\3i-Avoka_FalconFramework\Images\xstream-1.3.1.jar;"/>
    <property name="java.specification.name" value="Java Platform API Specification"/>
    <property name="java.class.version" value="52.0"/>
    <property name="sun.management.compiler" value="HotSpot 64-Bit Tiered Compilers"/>
    <property name="os.version" value="6.3"/>
    <property name="user.home" value="C:\Users\Flexibadmin1"/>
    <property name="user.timezone" value="Asia/Calcutta"/>
    <property name="java.awt.printerjob" value="sun.awt.windows.WPrinterJob"/>
    <property name="java.specification.version" value="1.8"/>
    <property name="file.encoding" value="Cp1252"/>
    <property name="user.name" value="Flexibadmin1"/>
    <property name="java.class.path" value="F:\Automation\Avoka\3i-Avoka_FalconFramework\target\test-classes;F:\Automation\Avoka\3i-Avoka_FalconFramework\target\classes;C:\Users\Flexibadmin1\.m2\repository\junit\junit\3.8.1\junit-3.8.1.jar;C:\Users\Flexibadmin1\.m2\repository\org\testng\testng\6.14.3\testng-6.14.3.jar;C:\Users\Flexibadmin1\.m2\repository\com\beust\jcommander\1.72\jcommander-1.72.jar;C:\Users\Flexibadmin1\.m2\repository\org\apache-extras\beanshell\bsh\2.0b6\bsh-2.0b6.jar;C:\Users\Flexibadmin1\.m2\repository\org\apache\servicemix\bundles\org.apache.servicemix.bundles.poi\4.1.2_1\org.apache.servicemix.bundles.poi-4.1.2_1.jar;C:\Users\Flexibadmin1\.m2\repository\com\github\virtuald\curvesapi\1.05\curvesapi-1.05.jar;C:\Users\Flexibadmin1\.m2\repository\com\github\virtuald\curvesapi\1.05\curvesapi-1.05-sources.jar;C:\Users\Flexibadmin1\.m2\repository\org\apache\xmlbeans\xmlbeans\3.0.2\xmlbeans-3.0.2.jar;C:\Users\Flexibadmin1\.m2\repository\org\apache\commons\commons-collections4\4.4\commons-collections4-4.4.jar;C:\Users\Flexibadmin1\.m2\repository\org\apache\commons\commons-compress\1.20\commons-compress-1.20.jar;C:\Users\Flexibadmin1\.m2\repository\javax\mail\javax.mail-api\1.5.5\javax.mail-api-1.5.5.jar;C:\Users\Flexibadmin1\.m2\repository\com\sun\mail\javax.mail\1.5.5\javax.mail-1.5.5.jar;C:\Users\Flexibadmin1\.m2\repository\javax\activation\activation\1.1\activation-1.1.jar;C:\Users\Flexibadmin1\.m2\repository\com\github\stephenc\monte\monte-screen-recorder\0.7.7.0\monte-screen-recorder-0.7.7.0.jar;C:\Users\Flexibadmin1\.m2\repository\org\apache\pdfbox\pdfbox\2.0.19\pdfbox-2.0.19.jar;C:\Users\Flexibadmin1\.m2\repository\org\apache\pdfbox\fontbox\2.0.19\fontbox-2.0.19.jar;C:\Users\Flexibadmin1\.m2\repository\commons-logging\commons-logging\1.2\commons-logging-1.2.jar;C:\Users\Flexibadmin1\.m2\repository\com\microsoft\sqlserver\mssql-jdbc\7.0.0.jre8\mssql-jdbc-7.0.0.jre8.jar;C:\Users\Flexibadmin1\.m2\repository\org\seleniumhq\selenium\selenium-java\3.14.0\selenium-java-3.14.0.jar;C:\Users\Flexibadmin1\.m2\repository\org\seleniumhq\selenium\selenium-api\3.14.0\selenium-api-3.14.0.jar;C:\Users\Flexibadmin1\.m2\repository\org\seleniumhq\selenium\selenium-chrome-driver\3.14.0\selenium-chrome-driver-3.14.0.jar;C:\Users\Flexibadmin1\.m2\repository\org\seleniumhq\selenium\selenium-edge-driver\3.14.0\selenium-edge-driver-3.14.0.jar;C:\Users\Flexibadmin1\.m2\repository\org\seleniumhq\selenium\selenium-firefox-driver\3.14.0\selenium-firefox-driver-3.14.0.jar;C:\Users\Flexibadmin1\.m2\repository\org\seleniumhq\selenium\selenium-ie-driver\3.14.0\selenium-ie-driver-3.14.0.jar;C:\Users\Flexibadmin1\.m2\repository\org\seleniumhq\selenium\selenium-opera-driver\3.14.0\selenium-opera-driver-3.14.0.jar;C:\Users\Flexibadmin1\.m2\repository\org\seleniumhq\selenium\selenium-remote-driver\3.14.0\selenium-remote-driver-3.14.0.jar;C:\Users\Flexibadmin1\.m2\repository\org\seleniumhq\selenium\selenium-safari-driver\3.14.0\selenium-safari-driver-3.14.0.jar;C:\Users\Flexibadmin1\.m2\repository\org\seleniumhq\selenium\selenium-support\3.14.0\selenium-support-3.14.0.jar;C:\Users\Flexibadmin1\.m2\repository\org\apache\commons\commons-exec\1.3\commons-exec-1.3.jar;C:\Users\Flexibadmin1\.m2\repository\commons-codec\commons-codec\1.10\commons-codec-1.10.jar;C:\Users\Flexibadmin1\.m2\repository\com\google\guava\guava\25.0-jre\guava-25.0-jre.jar;C:\Users\Flexibadmin1\.m2\repository\com\google\code\findbugs\jsr305\1.3.9\jsr305-1.3.9.jar;C:\Users\Flexibadmin1\.m2\repository\org\checkerframework\checker-compat-qual\2.0.0\checker-compat-qual-2.0.0.jar;C:\Users\Flexibadmin1\.m2\repository\com\google\errorprone\error_prone_annotations\2.1.3\error_prone_annotations-2.1.3.jar;C:\Users\Flexibadmin1\.m2\repository\com\google\j2objc\j2objc-annotations\1.1\j2objc-annotations-1.1.jar;C:\Users\Flexibadmin1\.m2\repository\org\codehaus\mojo\animal-sniffer-annotations\1.14\animal-sniffer-annotations-1.14.jar;C:\Users\Flexibadmin1\.m2\repository\org\apache\httpcomponents\httpclient\4.5.5\httpclient-4.5.5.jar;C:\Users\Flexibadmin1\.m2\repository\org\apache\httpcomponents\httpcore\4.4.9\httpcore-4.4.9.jar;C:\Users\Flexibadmin1\.m2\repository\com\squareup\okhttp3\okhttp\3.10.0\okhttp-3.10.0.jar;C:\Users\Flexibadmin1\.m2\repository\com\squareup\okio\okio\1.14.1\okio-1.14.1.jar;C:\Users\Flexibadmin1\.m2\repository\log4j\log4j\1.2.17\log4j-1.2.17.jar;C:\Users\Flexibadmin1\.m2\repository\com\aventstack\extentreports\3.1.5\extentreports-3.1.5.jar;C:\Users\Flexibadmin1\.m2\repository\org\freemarker\freemarker\2.3.23\freemarker-2.3.23.jar;C:\Users\Flexibadmin1\.m2\repository\org\mongodb\mongodb-driver\3.3.0\mongodb-driver-3.3.0.jar;C:\Users\Flexibadmin1\.m2\repository\org\mongodb\bson\3.3.0\bson-3.3.0.jar;C:\Users\Flexibadmin1\.m2\repository\org\mongodb\mongodb-driver-core\3.3.0\mongodb-driver-core-3.3.0.jar;C:\Users\Flexibadmin1\.m2\repository\org\apache\httpcomponents\httpmime\4.5.2\httpmime-4.5.2.jar;C:\Users\Flexibadmin1\.m2\repository\org\jsoup\jsoup\1.9.2\jsoup-1.9.2.jar;C:\Users\Flexibadmin1\.m2\repository\com\google\code\gson\gson\2.8.0\gson-2.8.0.jar;C:\Users\Flexibadmin1\.m2\repository\commons-io\commons-io\1.3.2\commons-io-1.3.2.jar;C:\Users\Flexibadmin1\.m2\repository\org\apache\poi\poi\4.1.1\poi-4.1.1.jar;C:\Users\Flexibadmin1\.m2\repository\org\apache\commons\commons-math3\3.6.1\commons-math3-3.6.1.jar;C:\Users\Flexibadmin1\.m2\repository\org\apache\poi\poi-ooxml\4.1.1\poi-ooxml-4.1.1.jar;C:\Users\Flexibadmin1\.m2\repository\org\apache\poi\poi-ooxml-schemas\3.17\poi-ooxml-schemas-3.17.jar;C:\Users\Flexibadmin1\.m2\repository\org\apache\poi\ooxml-schemas\1.1\ooxml-schemas-1.1.jar;C:\Users\Flexibadmin1\.m2\repository\org\apache\poi\poi-scratchpad\3.17\poi-scratchpad-3.17.jar;C:\Users\Flexibadmin1\.m2\repository\com\github\adiralashiva8\testng-metrics\1.5\testng-metrics-1.5.jar;C:\Users\Flexibadmin1\.m2\repository\org\apache\poi\openxml4j\1.0-beta\openxml4j-1.0-beta.jar;C:\Users\Flexibadmin1\.m2\repository\dom4j\dom4j\1.6.1\dom4j-1.6.1.jar;C:\Users\Flexibadmin1\.m2\repository\xml-apis\xml-apis\1.0.b2\xml-apis-1.0.b2.jar;C:\Users\Flexibadmin1\.m2\repository\commons-configuration\commons-configuration\1.10\commons-configuration-1.10.jar;C:\Users\Flexibadmin1\.m2\repository\commons-lang\commons-lang\2.6\commons-lang-2.6.jar;C:\Users\Flexibadmin1\.m2\repository\io\appium\java-client\6.1.0\java-client-6.1.0.jar;C:\Users\Flexibadmin1\.m2\repository\cglib\cglib\3.2.6\cglib-3.2.6.jar;C:\Users\Flexibadmin1\.m2\repository\org\ow2\asm\asm\6.0\asm-6.0.jar;C:\Users\Flexibadmin1\.m2\repository\org\apache\ant\ant\1.9.6\ant-1.9.6.jar;C:\Users\Flexibadmin1\.m2\repository\org\apache\ant\ant-launcher\1.9.6\ant-launcher-1.9.6.jar;C:\Users\Flexibadmin1\.m2\repository\commons-validator\commons-validator\1.6\commons-validator-1.6.jar;C:\Users\Flexibadmin1\.m2\repository\commons-beanutils\commons-beanutils\1.9.2\commons-beanutils-1.9.2.jar;C:\Users\Flexibadmin1\.m2\repository\commons-digester\commons-digester\1.8.1\commons-digester-1.8.1.jar;C:\Users\Flexibadmin1\.m2\repository\commons-collections\commons-collections\3.2.2\commons-collections-3.2.2.jar;C:\Users\Flexibadmin1\.m2\repository\org\apache\commons\commons-lang3\3.7\commons-lang3-3.7.jar;C:\Users\Flexibadmin1\.m2\repository\org\springframework\spring-context\5.0.5.RELEASE\spring-context-5.0.5.RELEASE.jar;C:\Users\Flexibadmin1\.m2\repository\org\springframework\spring-aop\5.0.5.RELEASE\spring-aop-5.0.5.RELEASE.jar;C:\Users\Flexibadmin1\.m2\repository\org\springframework\spring-beans\5.0.5.RELEASE\spring-beans-5.0.5.RELEASE.jar;C:\Users\Flexibadmin1\.m2\repository\org\springframework\spring-core\5.0.5.RELEASE\spring-core-5.0.5.RELEASE.jar;C:\Users\Flexibadmin1\.m2\repository\org\springframework\spring-jcl\5.0.5.RELEASE\spring-jcl-5.0.5.RELEASE.jar;C:\Users\Flexibadmin1\.m2\repository\org\springframework\spring-expression\5.0.5.RELEASE\spring-expression-5.0.5.RELEASE.jar;C:\Users\Flexibadmin1\.m2\repository\org\aspectj\aspectjweaver\1.9.1\aspectjweaver-1.9.1.jar;C:\Users\Flexibadmin1\.m2\repository\org\openpnp\opencv\3.2.0-1\opencv-3.2.0-1.jar;C:\Users\Flexibadmin1\.m2\repository\net\bytebuddy\byte-buddy\1.9.5\byte-buddy-1.9.5.jar;C:\Users\Flexibadmin1\.m2\repository\com\codoid\products\fillo\1.21\fillo-1.21.jar;F:\Automation\Avoka\3i-Avoka_FalconFramework\Images\java2word-3.3.jar;F:\Automation\Avoka\3i-Avoka_FalconFramework\Images\mssql-jdbc-6.1.0.jre8.jar;F:\Automation\Avoka\3i-Avoka_FalconFramework\Images\xstream-1.3.1.jar;"/>
    <property name="java.vm.specification.version" value="1.8"/>
    <property name="sun.arch.data.model" value="64"/>
    <property name="java.home" value="C:\Program Files\Java\jdk1.8.0_66\jre"/>
    <property name="sun.java.command" value="C:\Users\FLEXIB~1\AppData\Local\Temp\2\surefirebooter88912914948771198.jar C:\Users\FLEXIB~1\AppData\Local\Temp\2\surefire2166996619156911792tmp C:\Users\FLEXIB~1\AppData\Local\Temp\2\surefire7812154250054279857tmp"/>
    <property name="java.specification.vendor" value="Oracle Corporation"/>
    <property name="user.language" value="en"/>
    <property name="awt.toolkit" value="sun.awt.windows.WToolkit"/>
    <property name="java.vm.info" value="mixed mode"/>
    <property name="java.version" value="1.8.0_66"/>
    <property name="java.ext.dirs" value="C:\Program Files\Java\jdk1.8.0_66\jre\lib\ext;C:\Windows\Sun\Java\lib\ext"/>
    <property name="sun.boot.class.path" value="C:\Program Files\Java\jdk1.8.0_66\jre\lib\resources.jar;C:\Program Files\Java\jdk1.8.0_66\jre\lib\rt.jar;C:\Program Files\Java\jdk1.8.0_66\jre\lib\sunrsasign.jar;C:\Program Files\Java\jdk1.8.0_66\jre\lib\jsse.jar;C:\Program Files\Java\jdk1.8.0_66\jre\lib\jce.jar;C:\Program Files\Java\jdk1.8.0_66\jre\lib\charsets.jar;C:\Program Files\Java\jdk1.8.0_66\jre\lib\jfr.jar;C:\Program Files\Java\jdk1.8.0_66\jre\classes"/>
    <property name="webdriver.chrome.driver" value="F:\Automation\Avoka\3i-Avoka_FalconFramework\Drivers\chromedriver.exe"/>
    <property name="java.vendor" value="Oracle Corporation"/>
    <property name="localRepository" value="C:\Users\Flexibadmin1\.m2\repository"/>
    <property name="file.separator" value="\"/>
    <property name="java.vendor.url.bug" value="http://bugreport.sun.com/bugreport/"/>
    <property name="sun.cpu.endian" value="little"/>
    <property name="sun.io.unicode.encoding" value="UnicodeLittle"/>
    <property name="sun.desktop" value="windows"/>
    <property name="sun.cpu.isalist" value="amd64"/>
  </properties>
  <testcase classname="com.falcon.TestCases.TC_001_Avoka_AccountCreation_Flow" name="Avoka_TC_001_Approve ON DATASET1 *** DESKTOP ***   ***   *** CHROME" time="300.634"/>
  <testcase classname="com.falcon.TestCases.TC_002_Avoka_Decline_Flow" name="Avoka_TC_002_Decline ON DATASET1 *** DESKTOP ***   ***   *** CHROME" time="137.619"/>
  <testcase classname="com.falcon.TestCases.TC_002_Avoka_Decline_Flow" name="Avoka_TC_002_Decline ON DATASET2 *** MOBILE *** IOS *** 14.3 *** SAFARI" time="397.308"/>
  <testcase classname="com.falcon.TestCases.TC_002_Avoka_Decline_Flow" name="Avoka_TC_002_Decline ON DATASET3 *** MOBILE *** ANDROID *** 8.1 *** CHROME" time="346.433"/>
  <testcase classname="com.falcon.TestCases.TC_002_Avoka_Decline_Flow" name="Avoka_TC_002_Decline ON DATASET4 *** IPAD *** IOS *** 14.3 *** SAFARI" time="464.532"/>
</testsuite>